<?xml version="1.0" encoding="UTF-8"?>
<!-- Generated by org.testng.reporters.JUnitXMLReporter -->
<testsuite ignored="0" hostname="RAHUL" failures="0" tests="4" name="Test" time="18.705" errors="0" timestamp="2026-06-19T09:23:41 IST">
  <testcase classname="jenkin.JenkinsSetup" name="setup" time="3.817"/>
  <testcase classname="jenkin.JenkinsSetup" name="launchApplication" time="3.622"/>
  <testcase classname="jenkin.JenkinsSetup" name="login" time="2.427"/>
  <testcase classname="jenkin.JenkinsSetup" name="addPatient" time="8.755"/>
</testsuite> <!-- Test -->
