<?xml version="1.0" encoding="UTF-8"?>
<!-- Generated by org.testng.reporters.JUnitXMLReporter -->
<testsuite ignored="0" hostname="RAHUL" failures="0" tests="5" name="Test" time="23.512" errors="0" timestamp="22 Jun 2026 04:57:00 GMT">
  <testcase classname="jenkin.JenkinsSetup" name="setup" time="3.645"/>
  <testcase classname="jenkin.JenkinsSetup" name="launchApplication" time="1.264"/>
  <testcase classname="jenkin.JenkinsSetup" name="dashBoardValidation" time="4.081"/>
  <testcase classname="jenkin.JenkinsSetup" name="login" time="3.064"/>
  <testcase classname="jenkin.JenkinsSetup" name="addPatient" time="11.133"/>
</testsuite> <!-- Test -->
