<?xml version="1.0" encoding="UTF-8"?>
<testsuite xmlns:xsi="http://www.w3.org/2001/XMLSchema-instance" xsi:noNamespaceSchemaLocation="https://maven.apache.org/surefire/maven-surefire-plugin/xsd/surefire-test-report-3.0.xsd" version="3.0" name="TestSuite" time="25.367" tests="5" errors="0" skipped="0" failures="0">
  <properties>
[...]
</properties>
  <testcase name="setup" classname="jenkin.JenkinsSetup" time="3.649"/>
  <testcase name="launchApplication" classname="jenkin.JenkinsSetup" time="1.265"/>
  <testcase name="dashBoardValidation" classname="jenkin.JenkinsSetup" time="4.083"/>
  <testcase name="login" classname="jenkin.JenkinsSetup" time="3.064"/>
  <testcase name="addPatient" classname="jenkin.JenkinsSetup" time="11.134"/>
</testsuite>