<?xml version="1.0" encoding="UTF-8"?>
<testng-results ignored="0" total="5" passed="5" failed="0" skipped="0">
  <reporter-output>
  </reporter-output>
  <suite started-at="2026-06-22T04:56:36Z" name="Suite" finished-at="2026-06-22T04:57:00Z" duration-ms="23512">
    <groups>
    </groups>
    <test started-at="2026-06-22T04:56:36Z" name="Test" finished-at="2026-06-22T04:57:00Z" duration-ms="23512">
      <class name="jenkin.JenkinsSetup">
        <test-method signature="setup()[pri:1, instance:jenkin.JenkinsSetup@14fa86ae]" started-at="2026-06-22T04:56:36Z" name="setup" finished-at="2026-06-22T04:56:40Z" duration-ms="3645" status="PASS">
          <reporter-output>
          </reporter-output>
        </test-method> <!-- setup -->
        <test-method signature="launchApplication()[pri:2, instance:jenkin.JenkinsSetup@14fa86ae]" started-at="2026-06-22T04:56:40Z" name="launchApplication" finished-at="2026-06-22T04:56:42Z" duration-ms="1264" status="PASS">
          <reporter-output>
          </reporter-output>
        </test-method> <!-- launchApplication -->
        <test-method signature="dashBoardValidation()[pri:3, instance:jenkin.JenkinsSetup@14fa86ae]" started-at="2026-06-22T04:56:42Z" name="dashBoardValidation" finished-at="2026-06-22T04:56:46Z" duration-ms="4081" status="PASS">
          <reporter-output>
          </reporter-output>
        </test-method> <!-- dashBoardValidation -->
        <test-method signature="login()[pri:4, instance:jenkin.JenkinsSetup@14fa86ae]" started-at="2026-06-22T04:56:46Z" name="login" finished-at="2026-06-22T04:56:49Z" depends-on-methods="jenkin.JenkinsSetup.launchApplication" duration-ms="3064" status="PASS">
          <reporter-output>
          </reporter-output>
        </test-method> <!-- login -->
        <test-method signature="addPatient()[pri:5, instance:jenkin.JenkinsSetup@14fa86ae]" started-at="2026-06-22T04:56:49Z" name="addPatient" finished-at="2026-06-22T04:57:00Z" duration-ms="11133" status="PASS">
          <reporter-output>
          </reporter-output>
        </test-method> <!-- addPatient -->
      </class> <!-- jenkin.JenkinsSetup -->
    </test> <!-- Test -->
  </suite> <!-- Suite -->
</testng-results>
