<?xml version="1.0" encoding="UTF-8"?>
<testng-results ignored="0" total="5" passed="4" failed="1" skipped="0">
  <reporter-output>
  </reporter-output>
  <suite started-at="2026-06-22T10:17:21 IST" name="Default suite" finished-at="2026-06-22T10:17:44 IST" duration-ms="22307">
    <groups>
    </groups>
    <test started-at="2026-06-22T10:17:21 IST" name="Default test" finished-at="2026-06-22T10:17:44 IST" duration-ms="22307">
      <class name="jenkin.JenkinsSetup">
        <test-method signature="setup()[pri:1, instance:jenkin.JenkinsSetup@5f20155b]" started-at="2026-06-22T10:17:21 IST" name="setup" finished-at="2026-06-22T10:17:24 IST" duration-ms="2360" status="PASS">
          <reporter-output>
          </reporter-output>
        </test-method> <!-- setup -->
        <test-method signature="launchApplication()[pri:2, instance:jenkin.JenkinsSetup@5f20155b]" started-at="2026-06-22T10:17:24 IST" name="launchApplication" finished-at="2026-06-22T10:17:27 IST" duration-ms="3775" status="PASS">
          <reporter-output>
          </reporter-output>
        </test-method> <!-- launchApplication -->
        <test-method signature="dashBoardValidation()[pri:3, instance:jenkin.JenkinsSetup@5f20155b]" started-at="2026-06-22T10:17:28 IST" name="dashBoardValidation" finished-at="2026-06-22T10:17:32 IST" duration-ms="4051" status="FAIL">
          <exception class="java.lang.AssertionError">
            <message>
              <![CDATA[expected [https://o2.openmrs.org/openmrs/login.htms] but found [https://o2.openmrs.org/openmrs/login.htm]]]>
            </message>
            <full-stacktrace>
              <![CDATA[java.lang.AssertionError: expected [https://o2.openmrs.org/openmrs/login.htms] but found [https://o2.openmrs.org/openmrs/login.htm]
at org.testng.Assert.fail(Assert.java:111)
at org.testng.Assert.failNotEquals(Assert.java:1590)
at org.testng.Assert.assertEqualsImpl(Assert.java:150)
at org.testng.Assert.assertEquals(Assert.java:132)
at org.testng.Assert.assertEquals(Assert.java:656)
at org.testng.Assert.assertEquals(Assert.java:666)
at jenkin.JenkinsSetup.dashBoardValidation(JenkinsSetup.java:45)
at java.base/jdk.internal.reflect.DirectMethodHandleAccessor.invoke(DirectMethodHandleAccessor.java:103)
at java.base/java.lang.reflect.Method.invoke(Method.java:580)
at org.testng.internal.invokers.MethodInvocationHelper.invokeMethod(MethodInvocationHelper.java:141)
at org.testng.internal.invokers.TestInvoker.invokeMethod(TestInvoker.java:687)
at org.testng.internal.invokers.TestInvoker.invokeTestMethod(TestInvoker.java:230)
at org.testng.internal.invokers.MethodRunner.runInSequence(MethodRunner.java:63)
at org.testng.internal.invokers.TestInvoker$MethodInvocationAgent.invoke(TestInvoker.java:995)
at org.testng.internal.invokers.TestInvoker.invokeTestMethods(TestInvoker.java:203)
at org.testng.internal.invokers.TestMethodWorker.invokeTestMethods(TestMethodWorker.java:154)
at org.testng.internal.invokers.TestMethodWorker.run(TestMethodWorker.java:134)
at java.base/java.util.ArrayList.forEach(ArrayList.java:1596)
at org.testng.TestRunner.privateRun(TestRunner.java:741)
at org.testng.TestRunner.run(TestRunner.java:616)
at org.testng.SuiteRunner.runTest(SuiteRunner.java:421)
at org.testng.SuiteRunner.runSequentially(SuiteRunner.java:413)
at org.testng.SuiteRunner.privateRun(SuiteRunner.java:373)
at org.testng.SuiteRunner.run(SuiteRunner.java:312)
at org.testng.SuiteRunnerWorker.runSuite(SuiteRunnerWorker.java:52)
at org.testng.SuiteRunnerWorker.run(SuiteRunnerWorker.java:95)
at org.testng.TestNG.runSuitesSequentially(TestNG.java:1274)
at org.testng.TestNG.runSuitesLocally(TestNG.java:1208)
at org.testng.TestNG.runSuites(TestNG.java:1112)
at org.testng.TestNG.run(TestNG.java:1079)
at org.testng.remote.AbstractRemoteTestNG.run(AbstractRemoteTestNG.java:115)
at org.testng.remote.RemoteTestNG.initAndRun(RemoteTestNG.java:293)
at org.testng.remote.RemoteTestNG.main(RemoteTestNG.java:91)
]]>
            </full-stacktrace>
          </exception> <!-- java.lang.AssertionError -->
          <reporter-output>
          </reporter-output>
        </test-method> <!-- dashBoardValidation -->
        <test-method signature="login()[pri:4, instance:jenkin.JenkinsSetup@5f20155b]" started-at="2026-06-22T10:17:32 IST" name="login" finished-at="2026-06-22T10:17:35 IST" depends-on-methods="jenkin.JenkinsSetup.launchApplication" duration-ms="2963" status="PASS">
          <reporter-output>
          </reporter-output>
        </test-method> <!-- login -->
        <test-method signature="addPatient()[pri:5, instance:jenkin.JenkinsSetup@5f20155b]" started-at="2026-06-22T10:17:35 IST" name="addPatient" finished-at="2026-06-22T10:17:44 IST" duration-ms="8976" status="PASS">
          <reporter-output>
          </reporter-output>
        </test-method> <!-- addPatient -->
      </class> <!-- jenkin.JenkinsSetup -->
    </test> <!-- Default test -->
  </suite> <!-- Default suite -->
</testng-results>
