<?xml version="1.0" encoding="UTF-8"?>
<!-- Generated by org.testng.reporters.JUnitReportReporter -->
<testsuite hostname="RAHUL" failures="0" tests="5" name="jenkin.JenkinsSetup" time="23.187" errors="0" timestamp="22 Jun 2026 04:57:00 GMT" skipped="0">
  <testcase classname="jenkin.JenkinsSetup" name="setup" time="3.645"/>
  <testcase classname="jenkin.JenkinsSetup" name="launchApplication" time="1.264"/>
  <testcase classname="jenkin.JenkinsSetup" name="dashBoardValidation" time="4.081"/>
  <testcase classname="jenkin.JenkinsSetup" name="login" time="3.064"/>
  <testcase classname="jenkin.JenkinsSetup" name="addPatient" time="11.133"/>
</testsuite> <!-- jenkin.JenkinsSetup -->
